<?xml version="1.0" encoding="UTF-8"?>
<!-- Generated by org.testng.reporters.JUnitReportReporter -->
<testsuite hostname="Jezz" failures="0" tests="4" name="com.example.java.testcases.LoginTest" time="59.703" errors="0" timestamp="2025-07-28T22:24:15 WIB" skipped="0">
  <testcase classname="com.example.java.testcases.LoginTest" name="testInvalidUsername" time="10.030"/>
  <testcase classname="com.example.java.testcases.LoginTest" name="testEmptyFields" time="11.152"/>
  <testcase classname="com.example.java.testcases.LoginTest" name="testInvalidPassword" time="18.016"/>
  <testcase classname="com.example.java.testcases.LoginTest" name="testValidLogin" time="20.505"/>
</testsuite> <!-- com.example.java.testcases.LoginTest -->
